新規登録成功のテスト
      正しく新規登録される (FAILED - 1)
      新規登録後のリダイレクト先が、新規登録できたユーザの詳細画面になっている (FAILED - 2)
  
  ログイン成功のテスト
      ログイン後のリダイレクト先が、ログインしたユーザの詳細画面になっている (FAILED - 3)
  
  投稿一覧画面のテスト
    表示内容の確認
      自分と他人の画像のリンク先が正しい (FAILED - 4)
    サイドバーの確認
      自分のユーザ編集画面へのリンクが存在する (FAILED -
      
  自分の投稿詳細画面のテスト
    表示内容の確認
      ユーザ画像・名前のリンク先が正しい (FAILED - 6)
      投稿の削除リンクが表示される (FAILED - 7
  
  削除リンクのテスト
      application.html.erbにjavascript_pack_tagを含んでいる (FAILED - 8)
      正しく削除される (FAILED - 9)
      リダイレクト先が、投稿一覧画面になっている (FA
  
   編集成功のテスト
      リダイレクト先が、更新した投稿の詳細画面になっている (F

   
[STEP3] 仕上げのテスト
  サクセスメッセージのテスト
    ユーザ新規登録成功時 (FAILED - 13)
    ユーザログイン成功時 (FAILED - 14)
    ユーザログアウト成功時 (FAILED
    
  ユーザのプロフィール情報編集失敗: nameを1文字にする
    ユーザ編集画面を表示しており、フォームの内容が正しい (FAILED - 16)
    バリデーションエラーが表示される (FAILED
      
  投稿データの更新失敗: titleを空にする
      エラーメッセージが表示される (FAILED
  
  他人の画面のテスト
    他人の投稿詳細画面のテスト
      表示内容の確認
        ユーザ画像・名前のリンク先が正しい (FAILED - 19)
   サイドバーの確認
        他人の名前と紹介文が表示される (FAILED - 21)
        他人のユーザ編集画面へのリンクが存在する (FAILED - 22)
        自分の名前と紹介文は表示されない (FAILED - 23)
        自分のユーザ編集画面へのリンクは存在しない (FAILED
  
  他人のユーザ詳細画面のテスト
      表示の確認
        投稿一覧のユーザ画像のリンク先が正しい (FAILE
   サイドバーの確認
        他人の名前と紹介文が表示される (FAILED - 27)
        他人のユーザ編集画面へのリンクが存在する (FAILED - 28)
        自分の名前と紹介文は表示されない (FAILED - 29)
        自分のユーザ編集画面へのリンクは存在しない (FAILED - 30)
   他人のユーザ情報編集画面
        遷移できず、自分のユーザ詳細画面にリダイレクトされる (F
        
  ヘッダー: ログインしていない場合
        Log inリンクのアイコンが表示される (FAILED